2018-03-31 11:18:02 - MOD: Modification Default

FILE: system/engine/action.php
REGEX: ~(require|include)(_once)?\(([^)]+)~
LINE: 69

FILE: system/engine/loader.php
REGEX: ~(require|include)(_once)?\(([^)]+)~
LINE: 77
LINE: 151
LINE: 168

FILE: system/library/config.php
REGEX: ~(require|include)(_once)?\(([^)]+)~
LINE: 59

FILE: system/library/language.php
REGEX: ~(require|include)(_once)?\(([^)]+)~
LINE: 67
LINE: 73

FILE: system/library/template/template.php
REGEX: ~(require|include)(_once)?\(([^)]+)~
LINE: 18

FILE: system/library/template/twig.php
CODE: $loader = new \Twig_Loader_Filesystem(DIR_TEMPLATE);
LINE: 19
----------------------------------------------------------------
MOD: Bossthemes
CODE: $output = $template->render
LINE: 127
CODE: Twig_Autoloader::register();
LINE: 13
CODE: Twig_Environment
LINE: 43

FILE: admin/controller/startup/permission.php
CODE: 'extension/module',
LINE: 27

FILE: admin/controller/common/column_left.php
CODE: if ($marketplace) {
LINE: 184

FILE: catalog/controller/startup/maintenance.php
CODE: public function index() {
LINE: 8
----------------------------------------------------------------
2018-03-31 11:19:55 - MOD: Modification Default

FILE: system/engine/action.php
REGEX: ~(require|include)(_once)?\(([^)]+)~
LINE: 69

FILE: system/engine/loader.php
REGEX: ~(require|include)(_once)?\(([^)]+)~
LINE: 77
LINE: 151
LINE: 168

FILE: system/library/config.php
REGEX: ~(require|include)(_once)?\(([^)]+)~
LINE: 59

FILE: system/library/language.php
REGEX: ~(require|include)(_once)?\(([^)]+)~
LINE: 67
LINE: 73

FILE: system/library/template/template.php
REGEX: ~(require|include)(_once)?\(([^)]+)~
LINE: 18

FILE: system/library/template/twig.php
CODE: $loader = new \Twig_Loader_Filesystem(DIR_TEMPLATE);
LINE: 19
----------------------------------------------------------------
MOD: Bossthemes
CODE: $output = $template->render
LINE: 127
CODE: Twig_Autoloader::register();
LINE: 13
CODE: Twig_Environment
LINE: 43

FILE: admin/controller/startup/permission.php
CODE: 'extension/module',
LINE: 27

FILE: admin/controller/common/column_left.php
CODE: if ($marketplace) {
LINE: 184

FILE: catalog/controller/startup/maintenance.php
CODE: public function index() {
LINE: 8
----------------------------------------------------------------
MOD: <font color="#0000"><b>Add Newsletter Menu</font>
CODE: if ($marketing) {
LINE: 394

FILE: admin/controller/marketing/contact.php
CODE: case 'newsletter':
LINE: 97

FILE: admin/model/customer/customer.php
CODE: class ModelCustomerCustomer extends Model {
LINE: 8
----------------------------------------------------------------
MOD: <font color="#0000"><b>Boss Layout</font>

FILE: admin/controller/design/layout.php
CODE: $this->load->language('design/layout');
LINE: 8
LINE: 21
LINE: 56
LINE: 91

FILE: admin/view/template/design/layout_form.twig
CODE: {% set module_row = 0 %}
LINE: 295
CODE: </fieldset>
LINE: 791
CODE: #module-content-bottom
LINE: 851
LINE: 861

FILE: catalog/controller/common/header.php
CODE: $data['title'] = $this->document->getTitle();
LINE: 31

FILE: catalog/controller/common/footer.php
CODE: $this->load->language('common/footer');
LINE: 8
CODE: $design = array();
LINE: 206
----------------------------------------------------------------
MOD: <font color="#0000"><b>Boss Testimonial</font>
CODE: if ($catalog) {
LINE: 131
----------------------------------------------------------------
MOD: <font color="#0000"><b>Seo Boss Blog</font>

FILE: catalog/controller/startup/seo_url.php
CODE: $url = explode('=', $query->row['query']);
LINE: 24
CODE: if ($query->row['query'] && $url[0] != 'information_id' && $url[0] != 'manufacturer_id' && $url[0] != 'category_id' && $url[0] != 'product_id') {
LINE: 63
CODE: if ($query->row['query'] && $url[0] != 'information_id' && $url[0] != 'manufacturer_id' && $url[0] != 'category_id' && $url[0] != 'product_id') {
LINE: 63
CODE: } elseif (isset($this->request->get['path'])) {
LINE: 84
CODE: if (($data['route'] == 'product/product' && $key == 'product_id') || (($data['route'] == 'product/manufacturer/info' || $data['route'] == 'product/product') && $key == 'manufacturer_id') || ($data['route'] == 'information/information' && $key == 'information_id')) {
LINE: 133
----------------------------------------------------------------
